[INFO] 06:17:57:494 MDJ/(17249:17249): Consola en linea
[INFO] 06:17:57:511 MDJ/(17249:17249): Directorios creados
[INFO] 06:17:57:511 MDJ/(17249:17249): Esperando conexion del DAM
[INFO] 10:49:44:968 MDJ/(17909:17909): Consola en linea
[INFO] 10:49:44:969 MDJ/(17909:17909): Directorios creados
[INFO] 10:49:44:969 MDJ/(17909:17909): Esperando conexion del DAM
[INFO] 10:49:48:928 MDJ/(17909:17909): Conexion establecida con DAM
[INFO] 10:49:50:929 MDJ/(17909:17909): Peticion recibida del DAM, procesando....
[INFO] 10:49:50:929 MDJ/(17909:17909): Peticion recibida del DAM, procesando....
[ERROR] 10:49:50:930 MDJ/(17909:17909): Error al recibir la operacion del DAM
[INFO] 10:53:14:923 MDJ/(18000:18000): Consola en linea
[INFO] 10:53:14:944 MDJ/(18000:18000): Directorios creados
[INFO] 10:53:14:945 MDJ/(18000:18000): Esperando conexion del DAM
[ERROR] 10:53:23:584 MDJ/(18000:18000): Error al establecer conexion con el DAM
[INFO] 10:54:22:337 MDJ/(18032:18032): Consola en linea
[INFO] 10:54:22:337 MDJ/(18032:18032): Directorios creados
[INFO] 10:54:22:337 MDJ/(18032:18032): Esperando conexion del DAM
[INFO] 10:54:25:913 MDJ/(18032:18032): Conexion establecida con DAM
[INFO] 10:54:27:914 MDJ/(18032:18032): Peticion recibida del DAM, procesando....
[INFO] 10:54:27:916 MDJ/(18032:18032): Peticion recibida del DAM, procesando....
[INFO] 10:57:03:613 MDJ/(18096:18096): Consola en linea
[INFO] 10:57:03:613 MDJ/(18096:18096): Directorios creados
[INFO] 10:57:03:613 MDJ/(18096:18096): Esperando conexion del DAM
[INFO] 10:57:09:301 MDJ/(18096:18096): Conexion establecida con DAM
[INFO] 10:57:11:303 MDJ/(18096:18096): Peticion recibida del DAM, procesando....
[INFO] 10:57:11:303 MDJ/(18096:18096): Peticion recibida del DAM, procesando....
[INFO] 11:17:40:374 MDJ/(18621:18621): Consola en linea
[INFO] 11:17:40:444 MDJ/(18621:18621): Directorios creados
[INFO] 11:17:40:444 MDJ/(18621:18621): Esperando conexion del DAM
[INFO] 11:17:43:65 MDJ/(18621:18621): Conexion establecida con DAM
[INFO] 11:17:45:80 MDJ/(18621:18621): Peticion recibida del DAM, procesando....
[INFO] 11:17:45:80 MDJ/(18621:18621): Peticion recibida del DAM, procesando....
[INFO] 11:31:30:301 MDJ/(19169:19169): Consola en linea
[INFO] 11:31:30:315 MDJ/(19169:19169): Directorios creados
[INFO] 11:31:30:316 MDJ/(19169:19169): Esperando conexion del DAM
[INFO] 11:31:33:940 MDJ/(19169:19169): Conexion establecida con DAM
[INFO] 11:31:35:941 MDJ/(19169:19169): Peticion recibida del DAM, procesando....
[INFO] 11:31:35:941 MDJ/(19169:19169): Peticion recibida del DAM, procesando....
[INFO] 11:31:35:941 MDJ/(19169:19169): Peticion recibida del DAM, procesando....
[INFO] 11:31:35:941 MDJ/(19169:19169): Peticion recibida del DAM, procesando....
[INFO] 11:31:35:941 MDJ/(19169:19169): Peticion recibida del DAM, procesando....
[INFO] 11:31:35:941 MDJ/(19169:19169): Peticion recibida del DAM, procesando....
[INFO] 11:31:35:942 MDJ/(19169:19169): Peticion recibida del DAM, procesando....
[INFO] 11:31:35:943 MDJ/(19169:19169): Peticion recibida del DAM, procesando....
[INFO] 11:31:35:943 MDJ/(19169:19169): Peticion recibida del DAM, procesando....
[INFO] 11:31:35:943 MDJ/(19169:19169): Peticion recibida del DAM, procesando....
[INFO] 11:31:35:943 MDJ/(19169:19169): Peticion recibida del DAM, procesando....
[INFO] 11:31:35:943 MDJ/(19169:19169): Peticion recibida del DAM, procesando....
[INFO] 11:31:35:943 MDJ/(19169:19169): Peticion recibida del DAM, procesando....
[INFO] 11:34:19:447 MDJ/(19255:19255): Consola en linea
[INFO] 11:34:19:448 MDJ/(19255:19255): Directorios creados
[INFO] 11:34:19:448 MDJ/(19255:19255): Esperando conexion del DAM
[INFO] 11:34:22:351 MDJ/(19255:19255): Conexion establecida con DAM
[INFO] 11:34:24:353 MDJ/(19255:19255): Peticion recibida del DAM, procesando....
[INFO] 11:36:44:214 MDJ/(19313:19313): Consola en linea
[INFO] 11:36:44:214 MDJ/(19313:19313): Directorios creados
[INFO] 11:36:44:214 MDJ/(19313:19313): Esperando conexion del DAM
[INFO] 11:36:47:347 MDJ/(19313:19313): Conexion establecida con DAM
[INFO] 11:36:49:348 MDJ/(19313:19313): Peticion recibida del DAM, procesando....
[INFO] 11:36:49:348 MDJ/(19313:19313): Peticion recibida del DAM, procesando....
[INFO] 11:36:49:349 MDJ/(19313:19313): Peticion recibida del DAM, procesando....
[INFO] 11:36:49:349 MDJ/(19313:19313): Peticion recibida del DAM, procesando....
[INFO] 11:36:49:349 MDJ/(19313:19313): Peticion recibida del DAM, procesando....
[INFO] 11:36:49:349 MDJ/(19313:19313): Peticion recibida del DAM, procesando....
[INFO] 11:36:49:349 MDJ/(19313:19313): Peticion recibida del DAM, procesando....
[INFO] 11:36:49:349 MDJ/(19313:19313): Peticion recibida del DAM, procesando....
[INFO] 11:36:49:349 MDJ/(19313:19313): Peticion recibida del DAM, procesando....
[INFO] 11:36:49:349 MDJ/(19313:19313): Peticion recibida del DAM, procesando....
[INFO] 11:36:49:350 MDJ/(19313:19313): Peticion recibida del DAM, procesando....
[INFO] 11:36:49:350 MDJ/(19313:19313): Peticion recibida del DAM, procesando....
[INFO] 11:36:49:350 MDJ/(19313:19313): Peticion recibida del DAM, procesando....
[INFO] 11:36:49:350 MDJ/(19313:19313): Peticion recibida del DAM, procesando....
[INFO] 11:36:49:350 MDJ/(19313:19313): Peticion recibida del DAM, procesando....
[INFO] 11:36:49:350 MDJ/(19313:19313): Peticion recibida del DAM, procesando....
[INFO] 11:36:49:350 MDJ/(19313:19313): Peticion recibida del DAM, procesando....
[INFO] 11:36:49:350 MDJ/(19313:19313): Peticion recibida del DAM, procesando....
[INFO] 11:36:49:350 MDJ/(19313:19313): Peticion recibida del DAM, procesando....
[INFO] 11:36:49:350 MDJ/(19313:19313): Peticion recibida del DAM, procesando....
[ERROR] 11:36:49:351 MDJ/(19313:19313): Error al recibir la operacion del DAM
[INFO] 11:38:02:873 MDJ/(19348:19348): Consola en linea
[INFO] 11:38:02:874 MDJ/(19348:19348): Directorios creados
[INFO] 11:38:02:874 MDJ/(19348:19348): Esperando conexion del DAM
[INFO] 11:38:06:969 MDJ/(19348:19348): Conexion establecida con DAM
[INFO] 11:38:08:970 MDJ/(19348:19348): Peticion recibida del DAM, procesando....
[INFO] 11:38:08:970 MDJ/(19348:19348): Peticion recibida del DAM, procesando....
[INFO] 11:38:08:971 MDJ/(19348:19348): Peticion recibida del DAM, procesando....
[INFO] 11:38:08:971 MDJ/(19348:19348): Peticion recibida del DAM, procesando....
[INFO] 11:38:08:971 MDJ/(19348:19348): Peticion recibida del DAM, procesando....
[INFO] 11:38:08:971 MDJ/(19348:19348): Peticion recibida del DAM, procesando....
[INFO] 11:38:08:971 MDJ/(19348:19348): Peticion recibida del DAM, procesando....
[INFO] 11:38:08:972 MDJ/(19348:19348): Peticion recibida del DAM, procesando....
[INFO] 11:38:08:972 MDJ/(19348:19348): Peticion recibida del DAM, procesando....
[INFO] 11:38:08:972 MDJ/(19348:19348): Peticion recibida del DAM, procesando....
[INFO] 11:38:08:972 MDJ/(19348:19348): Peticion recibida del DAM, procesando....
[INFO] 11:38:08:972 MDJ/(19348:19348): Peticion recibida del DAM, procesando....
[INFO] 11:38:08:972 MDJ/(19348:19348): Peticion recibida del DAM, procesando....
[INFO] 11:38:08:972 MDJ/(19348:19348): Peticion recibida del DAM, procesando....
[INFO] 11:38:08:972 MDJ/(19348:19348): Peticion recibida del DAM, procesando....
[INFO] 11:38:08:972 MDJ/(19348:19348): Peticion recibida del DAM, procesando....
[INFO] 11:38:08:972 MDJ/(19348:19348): Peticion recibida del DAM, procesando....
[ERROR] 11:38:08:972 MDJ/(19348:19348): Error al recibir la operacion del DAM
[INFO] 11:43:33:803 MDJ/(19472:19472): Consola en linea
[INFO] 11:43:33:803 MDJ/(19472:19472): Directorios creados
[INFO] 11:43:33:803 MDJ/(19472:19472): Esperando conexion del DAM
[INFO] 11:43:37:225 MDJ/(19472:19472): Conexion establecida con DAM
[INFO] 11:43:39:225 MDJ/(19472:19472): Peticion recibida del DAM, procesando....
[INFO] 11:43:39:226 MDJ/(19472:19472): Peticion recibida del DAM, procesando....
[INFO] 11:43:39:226 MDJ/(19472:19472): Peticion recibida del DAM, procesando....
[INFO] 11:43:39:227 MDJ/(19472:19472): Peticion recibida del DAM, procesando....
[INFO] 11:43:39:227 MDJ/(19472:19472): Peticion recibida del DAM, procesando....
[INFO] 11:43:39:227 MDJ/(19472:19472): Peticion recibida del DAM, procesando....
[INFO] 11:43:39:227 MDJ/(19472:19472): Peticion recibida del DAM, procesando....
[INFO] 11:43:39:227 MDJ/(19472:19472): Peticion recibida del DAM, procesando....
[INFO] 11:43:39:227 MDJ/(19472:19472): Peticion recibida del DAM, procesando....
[INFO] 11:43:39:227 MDJ/(19472:19472): Peticion recibida del DAM, procesando....
[INFO] 11:43:39:227 MDJ/(19472:19472): Peticion recibida del DAM, procesando....
[INFO] 11:43:39:227 MDJ/(19472:19472): Peticion recibida del DAM, procesando....
[INFO] 11:43:39:227 MDJ/(19472:19472): Peticion recibida del DAM, procesando....
[INFO] 11:43:39:227 MDJ/(19472:19472): Peticion recibida del DAM, procesando....
[INFO] 11:43:39:227 MDJ/(19472:19472): Peticion recibida del DAM, procesando....
[INFO] 11:43:39:227 MDJ/(19472:19472): Peticion recibida del DAM, procesando....
[INFO] 11:43:39:227 MDJ/(19472:19472): Peticion recibida del DAM, procesando....
[ERROR] 11:43:39:228 MDJ/(19472:19472): Error al recibir la operacion del DAM
[INFO] 11:51:49:212 MDJ/(19934:19934): Consola en linea
[ERROR] 11:51:49:528 MDJ/(19934:19934): Error al crear los directorios para el MDJ
[INFO] 11:57:19:528 MDJ/(20055:20055): Consola en linea
[ERROR] 11:57:19:682 MDJ/(20055:20055): Error al crear los directorios para el MDJ
[INFO] 11:57:49:429 MDJ/(20060:20060): Consola en linea
[INFO] 11:57:49:429 MDJ/(20060:20060): Directorios creados
[INFO] 11:57:49:429 MDJ/(20060:20060): Esperando conexion del DAM
[INFO] 12:00:58:665 MDJ/(20060:20060): Conexion establecida con DAM
[INFO] 12:01:00:667 MDJ/(20060:20060): Peticion recibida del DAM, procesando....
[INFO] 12:01:00:689 MDJ/(20060:20060): Peticion recibida del DAM, procesando....
[INFO] 12:01:00:690 MDJ/(20060:20060): Peticion recibida del DAM, procesando....
[INFO] 12:01:00:690 MDJ/(20060:20060): Peticion recibida del DAM, procesando....
[INFO] 12:01:00:690 MDJ/(20060:20060): Peticion recibida del DAM, procesando....
[INFO] 12:01:00:690 MDJ/(20060:20060): Peticion recibida del DAM, procesando....
[INFO] 12:01:00:690 MDJ/(20060:20060): Peticion recibida del DAM, procesando....
[INFO] 12:01:00:690 MDJ/(20060:20060): Peticion recibida del DAM, procesando....
[INFO] 12:01:00:690 MDJ/(20060:20060): Peticion recibida del DAM, procesando....
[INFO] 12:01:00:690 MDJ/(20060:20060): Peticion recibida del DAM, procesando....
[INFO] 12:01:00:690 MDJ/(20060:20060): Peticion recibida del DAM, procesando....
[INFO] 12:01:00:690 MDJ/(20060:20060): Peticion recibida del DAM, procesando....
[INFO] 12:01:00:690 MDJ/(20060:20060): Peticion recibida del DAM, procesando....
[INFO] 12:01:00:690 MDJ/(20060:20060): Peticion recibida del DAM, procesando....
[INFO] 12:01:00:690 MDJ/(20060:20060): Peticion recibida del DAM, procesando....
[INFO] 12:01:00:690 MDJ/(20060:20060): Peticion recibida del DAM, procesando....
[INFO] 12:01:00:690 MDJ/(20060:20060): Peticion recibida del DAM, procesando....
[ERROR] 12:01:00:690 MDJ/(20060:20060): Error al recibir la operacion del DAM
[INFO] 12:08:28:799 MDJ/(20352:20352): Consola en linea
[INFO] 12:08:28:799 MDJ/(20352:20352): Directorios creados
[INFO] 12:08:28:800 MDJ/(20352:20352): Esperando conexion del DAM
[ERROR] 12:08:31:285 MDJ/(20352:20352): Error al establecer conexion con el DAM
[INFO] 12:09:03:489 MDJ/(20374:20376): Iniciar conexion a DMA
[INFO] 12:09:03:489 MDJ/(20374:20376): Esperando conexion del DAM
[INFO] 12:09:03:490 MDJ/(20374:20375): Consola en linea
[INFO] 12:09:56:176 MDJ/(20490:20491): Consola en linea
[INFO] 12:09:56:206 MDJ/(20490:20492): Iniciar conexion a DMA
[INFO] 12:09:56:279 MDJ/(20490:20492): Esperando conexion del DAM
[INFO] 12:11:19:786 MDJ/(20539:20542): Iniciar conexion a DMA
[INFO] 12:11:19:812 MDJ/(20539:20541): Consola en linea
[INFO] 12:11:19:880 MDJ/(20539:20542): Esperando conexion del DAM
[INFO] 12:13:19:492 MDJ/(20625:20628): Iniciar conexion a DMA
[INFO] 12:13:19:519 MDJ/(20625:20627): Consola en linea
[INFO] 12:13:19:579 MDJ/(20625:20628): Esperando conexion del DAM
[INFO] 12:19:27:99 MDJ/(20786:20788): Iniciar conexion a DMA
[INFO] 12:19:27:103 MDJ/(20786:20788): Esperando conexion del DAM
[INFO] 12:19:27:103 MDJ/(20786:20787): Consola en linea
[INFO] 12:19:30:855 MDJ/(20786:20788): Conexion establecida con DAM
[INFO] 12:19:32:871 MDJ/(20786:20788): Peticion recibida del DAM, procesando....
[INFO] 12:19:32:872 MDJ/(20786:20788): Peticion recibida del DAM, procesando....
[INFO] 12:19:32:873 MDJ/(20786:20788): Peticion recibida del DAM, procesando....
[INFO] 12:19:32:873 MDJ/(20786:20788): Peticion recibida del DAM, procesando....
[INFO] 12:19:32:873 MDJ/(20786:20788): Peticion recibida del DAM, procesando....
[INFO] 12:19:32:873 MDJ/(20786:20788): Peticion recibida del DAM, procesando....
[INFO] 12:19:32:873 MDJ/(20786:20788): Peticion recibida del DAM, procesando....
[INFO] 12:19:32:873 MDJ/(20786:20788): Peticion recibida del DAM, procesando....
[INFO] 12:19:32:873 MDJ/(20786:20788): Peticion recibida del DAM, procesando....
[INFO] 12:19:32:873 MDJ/(20786:20788): Peticion recibida del DAM, procesando....
[INFO] 12:19:32:873 MDJ/(20786:20788): Peticion recibida del DAM, procesando....
[INFO] 12:19:32:873 MDJ/(20786:20788): Peticion recibida del DAM, procesando....
[INFO] 12:19:32:873 MDJ/(20786:20788): Peticion recibida del DAM, procesando....
[INFO] 12:19:32:873 MDJ/(20786:20788): Peticion recibida del DAM, procesando....
[INFO] 12:19:32:873 MDJ/(20786:20788): Peticion recibida del DAM, procesando....
[INFO] 12:19:32:873 MDJ/(20786:20788): Peticion recibida del DAM, procesando....
[INFO] 12:19:32:873 MDJ/(20786:20788): Peticion recibida del DAM, procesando....
[ERROR] 12:19:32:874 MDJ/(20786:20788): Error al recibir la operacion del DAM
[INFO] 12:20:51:879 MDJ/(20920:20922): Iniciar conexion a DMA
[INFO] 12:20:51:907 MDJ/(20920:20921): Consola en linea
[INFO] 12:20:51:968 MDJ/(20920:20922): Esperando conexion del DAM
[INFO] 12:21:29:561 MDJ/(20931:20933): Iniciar conexion a DMA
[INFO] 12:21:29:588 MDJ/(20931:20932): Consola en linea
[INFO] 12:21:29:696 MDJ/(20931:20933): Esperando conexion del DAM
[INFO] 12:23:16:717 MDJ/(20991:20992): Consola en linea
[INFO] 12:23:16:758 MDJ/(20991:20993): Iniciar conexion a DMA
[INFO] 12:23:16:817 MDJ/(20991:20993): Esperando conexion del DAM
[INFO] 12:24:24:143 MDJ/(21023:21024): Consola en linea
[INFO] 12:24:24:170 MDJ/(21023:21025): Iniciar conexion a DMA
[INFO] 12:24:24:230 MDJ/(21023:21025): Esperando conexion del DAM
[INFO] 12:24:24:1 MDJ/(21023:21025): Conexion establecida con DAM
[INFO] 12:24:27:5 MDJ/(21023:21025): Peticion recibida del DAM, procesando....
[INFO] 12:24:27:50 MDJ/(21023:21025): Peticion recibida del DAM, procesando....
[INFO] 12:24:27:50 MDJ/(21023:21025): Peticion recibida del DAM, procesando....
[INFO] 12:24:27:51 MDJ/(21023:21025): Peticion recibida del DAM, procesando....
[INFO] 12:24:27:51 MDJ/(21023:21025): Peticion recibida del DAM, procesando....
[INFO] 12:24:27:51 MDJ/(21023:21025): Peticion recibida del DAM, procesando....
[INFO] 12:24:27:55 MDJ/(21023:21025): Peticion recibida del DAM, procesando....
[INFO] 12:24:27:55 MDJ/(21023:21025): Peticion recibida del DAM, procesando....
[INFO] 12:24:27:56 MDJ/(21023:21025): Peticion recibida del DAM, procesando....
[INFO] 12:24:27:56 MDJ/(21023:21025): Peticion recibida del DAM, procesando....
[INFO] 12:24:27:57 MDJ/(21023:21025): Peticion recibida del DAM, procesando....
[INFO] 12:24:27:57 MDJ/(21023:21025): Peticion recibida del DAM, procesando....
[INFO] 12:24:27:59 MDJ/(21023:21025): Peticion recibida del DAM, procesando....
[INFO] 12:24:27:60 MDJ/(21023:21025): Peticion recibida del DAM, procesando....
[INFO] 12:24:27:60 MDJ/(21023:21025): Peticion recibida del DAM, procesando....
[INFO] 12:24:27:60 MDJ/(21023:21025): Peticion recibida del DAM, procesando....
[INFO] 12:24:27:61 MDJ/(21023:21025): Peticion recibida del DAM, procesando....
[ERROR] 12:24:27:104 MDJ/(21023:21025): Error al recibir la operacion del DAM
[INFO] 12:26:54:313 MDJ/(21063:21064): Consola en linea
[INFO] 12:26:54:337 MDJ/(21063:21063): Iniciar conexion a DMA
[INFO] 12:26:54:416 MDJ/(21063:21063): Esperando conexion del DAM
[INFO] 12:29:48:861 MDJ/(21109:21109): Iniciar conexion a DMA
[INFO] 12:29:48:861 MDJ/(21109:21109): Esperando conexion del DAM
[INFO] 12:29:48:861 MDJ/(21109:21110): Consola en linea
[INFO] 12:31:29:593 MDJ/(21234:21234): Iniciar conexion a DMA
[INFO] 12:31:29:593 MDJ/(21234:21234): Esperando conexion del DAM
[INFO] 12:31:29:593 MDJ/(21234:21235): Consola en linea
[INFO] 12:32:30:752 MDJ/(21275:21275): Iniciar conexion a DMA
[INFO] 12:32:30:752 MDJ/(21275:21275): Esperando conexion del DAM
[INFO] 12:32:30:752 MDJ/(21275:21276): Consola en linea
[INFO] 12:34:49:128 MDJ/(21317:21319): Iniciar conexion a DMA
[INFO] 12:34:49:129 MDJ/(21317:21319): Esperando conexion del DAM
[INFO] 12:34:49:129 MDJ/(21317:21318): Consola en linea
[INFO] 12:35:04:790 MDJ/(21320:21321): Consola en linea
[INFO] 12:35:04:820 MDJ/(21320:21322): Iniciar conexion a DMA
[INFO] 12:35:04:880 MDJ/(21320:21322): Esperando conexion del DAM
[INFO] 12:36:21:191 MDJ/(21355:21357): Iniciar conexion a DMA
[INFO] 12:36:21:191 MDJ/(21355:21357): Esperando conexion del DAM
[INFO] 12:36:21:191 MDJ/(21355:21356): Consola en linea
[INFO] 12:36:28:296 MDJ/(21360:21362): Iniciar conexion a DMA
[INFO] 12:36:28:325 MDJ/(21360:21361): Consola en linea
[INFO] 12:36:28:575 MDJ/(21360:21362): Esperando conexion del DAM
[INFO] 12:38:30:853 MDJ/(21441:21442): Consola en linea
[INFO] 12:38:30:893 MDJ/(21441:21443): Iniciar conexion a DMA
[INFO] 12:38:30:991 MDJ/(21441:21443): Esperando conexion del DAM
[INFO] 12:46:24:416 MDJ/(21600:21602): Iniciar conexion a DMA
[INFO] 12:46:24:444 MDJ/(21600:21601): Consola en linea
[INFO] 12:46:24:557 MDJ/(21600:21602): Esperando conexion del DAM
[INFO] 12:47:21:344 MDJ/(21624:21626): Iniciar conexion a DMA
[INFO] 12:47:21:383 MDJ/(21624:21625): Consola en linea
[INFO] 12:47:21:437 MDJ/(21624:21626): Esperando conexion del DAM
